{"C:\\Users\\ptarnaud\\gitlocal\\hivent-resources-api\\src\\business\\ResourcesLBS.js": {"path":"C:\\Users\\ptarnaud\\gitlocal\\hivent-resources-api\\src\\business\\ResourcesLBS.js","statementMap":{"0":{"start":{"line":5,"column":31},"end":{"line":5,"column":34}},"1":{"start":{"line":6,"column":32},"end":{"line":6,"column":36}},"2":{"start":{"line":8,"column":35},"end":{"line":81,"column":1}},"3":{"start":{"line":9,"column":14},"end":{"line":9,"column":16}},"4":{"start":{"line":11,"column":1},"end":{"line":19,"column":2}},"5":{"start":{"line":12,"column":2},"end":{"line":12,"column":88}},"6":{"start":{"line":14,"column":2},"end":{"line":18,"column":3}},"7":{"start":{"line":15,"column":3},"end":{"line":17,"column":5}},"8":{"start":{"line":21,"column":1},"end":{"line":27,"column":2}},"9":{"start":{"line":22,"column":2},"end":{"line":22,"column":89}},"10":{"start":{"line":24,"column":2},"end":{"line":26,"column":3}},"11":{"start":{"line":25,"column":3},"end":{"line":25,"column":107}},"12":{"start":{"line":29,"column":1},"end":{"line":36,"column":2}},"13":{"start":{"line":30,"column":2},"end":{"line":30,"column":89}},"14":{"start":{"line":32,"column":14},"end":{"line":32,"column":69}},"15":{"start":{"line":33,"column":2},"end":{"line":35,"column":3}},"16":{"start":{"line":34,"column":3},"end":{"line":34,"column":86}},"17":{"start":{"line":38,"column":1},"end":{"line":58,"column":2}},"18":{"start":{"line":39,"column":2},"end":{"line":41,"column":4}},"19":{"start":{"line":43,"column":2},"end":{"line":57,"column":3}},"20":{"start":{"line":44,"column":3},"end":{"line":46,"column":5}},"21":{"start":{"line":48,"column":3},"end":{"line":56,"column":4}},"22":{"start":{"line":49,"column":4},"end":{"line":55,"column":6}},"23":{"start":{"line":60,"column":1},"end":{"line":68,"column":2}},"24":{"start":{"line":61,"column":2},"end":{"line":67,"column":4}},"25":{"start":{"line":70,"column":1},"end":{"line":78,"column":2}},"26":{"start":{"line":71,"column":2},"end":{"line":77,"column":4}},"27":{"start":{"line":80,"column":1},"end":{"line":80,"column":15}},"28":{"start":{"line":83,"column":29},"end":{"line":85,"column":1}},"29":{"start":{"line":84,"column":1},"end":{"line":84,"column":43}},"30":{"start":{"line":87,"column":27},"end":{"line":89,"column":1}},"31":{"start":{"line":88,"column":1},"end":{"line":88,"column":51}},"32":{"start":{"line":91,"column":30},"end":{"line":98,"column":1}},"33":{"start":{"line":92,"column":1},"end":{"line":92,"column":44}},"34":{"start":{"line":93,"column":14},"end":{"line":93,"column":45}},"35":{"start":{"line":94,"column":1},"end":{"line":96,"column":2}},"36":{"start":{"line":95,"column":2},"end":{"line":95,"column":38}},"37":{"start":{"line":97,"column":1},"end":{"line":97,"column":54}},"38":{"start":{"line":100,"column":20},"end":{"line":103,"column":1}},"39":{"start":{"line":101,"column":1},"end":{"line":101,"column":35}},"40":{"start":{"line":102,"column":1},"end":{"line":102,"column":34}}},"fnMap":{"0":{"name":"(anonymous_0)","decl":{"start":{"line":8,"column":35},"end":{"line":8,"column":36}},"loc":{"start":{"line":8,"column":49},"end":{"line":81,"column":1}},"line":8},"1":{"name":"(anonymous_1)","decl":{"start":{"line":83,"column":29},"end":{"line":83,"column":30}},"loc":{"start":{"line":83,"column":41},"end":{"line":85,"column":1}},"line":83},"2":{"name":"(anonymous_2)","decl":{"start":{"line":87,"column":27},"end":{"line":87,"column":28}},"loc":{"start":{"line":87,"column":47},"end":{"line":89,"column":1}},"line":87},"3":{"name":"(anonymous_3)","decl":{"start":{"line":91,"column":30},"end":{"line":91,"column":31}},"loc":{"start":{"line":91,"column":50},"end":{"line":98,"column":1}},"line":91},"4":{"name":"(anonymous_4)","decl":{"start":{"line":100,"column":20},"end":{"line":100,"column":21}},"loc":{"start":{"line":100,"column":32},"end":{"line":103,"column":1}},"line":100}},"branchMap":{"0":{"loc":{"start":{"line":11,"column":1},"end":{"line":19,"column":2}},"type":"if","locations":[{"start":{"line":11,"column":1},"end":{"line":19,"column":2}},{"start":{"line":11,"column":1},"end":{"line":19,"column":2}}],"line":11},"1":{"loc":{"start":{"line":14,"column":2},"end":{"line":18,"column":3}},"type":"if","locations":[{"start":{"line":14,"column":2},"end":{"line":18,"column":3}},{"start":{"line":14,"column":2},"end":{"line":18,"column":3}}],"line":14},"2":{"loc":{"start":{"line":21,"column":1},"end":{"line":27,"column":2}},"type":"if","locations":[{"start":{"line":21,"column":1},"end":{"line":27,"column":2}},{"start":{"line":21,"column":1},"end":{"line":27,"column":2}}],"line":21},"3":{"loc":{"start":{"line":24,"column":2},"end":{"line":26,"column":3}},"type":"if","locations":[{"start":{"line":24,"column":2},"end":{"line":26,"column":3}},{"start":{"line":24,"column":2},"end":{"line":26,"column":3}}],"line":24},"4":{"loc":{"start":{"line":29,"column":1},"end":{"line":36,"column":2}},"type":"if","locations":[{"start":{"line":29,"column":1},"end":{"line":36,"column":2}},{"start":{"line":29,"column":1},"end":{"line":36,"column":2}}],"line":29},"5":{"loc":{"start":{"line":33,"column":2},"end":{"line":35,"column":3}},"type":"if","locations":[{"start":{"line":33,"column":2},"end":{"line":35,"column":3}},{"start":{"line":33,"column":2},"end":{"line":35,"column":3}}],"line":33},"6":{"loc":{"start":{"line":38,"column":1},"end":{"line":58,"column":2}},"type":"if","locations":[{"start":{"line":38,"column":1},"end":{"line":58,"column":2}},{"start":{"line":38,"column":1},"end":{"line":58,"column":2}}],"line":38},"7":{"loc":{"start":{"line":43,"column":2},"end":{"line":57,"column":3}},"type":"if","locations":[{"start":{"line":43,"column":2},"end":{"line":57,"column":3}},{"start":{"line":43,"column":2},"end":{"line":57,"column":3}}],"line":43},"8":{"loc":{"start":{"line":48,"column":3},"end":{"line":56,"column":4}},"type":"if","locations":[{"start":{"line":48,"column":3},"end":{"line":56,"column":4}},{"start":{"line":48,"column":3},"end":{"line":56,"column":4}}],"line":48},"9":{"loc":{"start":{"line":60,"column":1},"end":{"line":68,"column":2}},"type":"if","locations":[{"start":{"line":60,"column":1},"end":{"line":68,"column":2}},{"start":{"line":60,"column":1},"end":{"line":68,"column":2}}],"line":60},"10":{"loc":{"start":{"line":70,"column":1},"end":{"line":78,"column":2}},"type":"if","locations":[{"start":{"line":70,"column":1},"end":{"line":78,"column":2}},{"start":{"line":70,"column":1},"end":{"line":78,"column":2}}],"line":70},"11":{"loc":{"start":{"line":94,"column":1},"end":{"line":96,"column":2}},"type":"if","locations":[{"start":{"line":94,"column":1},"end":{"line":96,"column":2}},{"start":{"line":94,"column":1},"end":{"line":96,"column":2}}],"line":94}},"s":{"0":1,"1":1,"2":1,"3":15,"4":15,"5":6,"6":9,"7":2,"8":15,"9":2,"10":13,"11":4,"12":15,"13":0,"14":15,"15":15,"16":0,"17":15,"18":0,"19":15,"20":0,"21":15,"22":0,"23":15,"24":0,"25":15,"26":0,"27":15,"28":1,"29":0,"30":1,"31":0,"32":1,"33":0,"34":0,"35":0,"36":0,"37":0,"38":1,"39":0,"40":0},"f":{"0":15,"1":0,"2":0,"3":0,"4":0},"b":{"0":[6,9],"1":[2,7],"2":[2,13],"3":[4,9],"4":[0,15],"5":[0,15],"6":[0,15],"7":[0,15],"8":[0,15],"9":[0,15],"10":[0,15],"11":[0,0]},"_coverageSchema":"332fd63041d2c1bcb487cc26dd0d5f7d97098a6c","hash":"55de9f2e6acd63f646bc141059934ed41b91cafd"}
,"C:\\Users\\ptarnaud\\gitlocal\\hivent-resources-api\\src\\data\\ResourcesDAO.js": {"path":"C:\\Users\\ptarnaud\\gitlocal\\hivent-resources-api\\src\\data\\ResourcesDAO.js","statementMap":{"0":{"start":{"line":4,"column":12},"end":{"line":4,"column":40}},"1":{"start":{"line":7,"column":16},"end":{"line":14,"column":1}},"2":{"start":{"line":8,"column":18},"end":{"line":11,"column":2}},"3":{"start":{"line":12,"column":10},"end":{"line":12,"column":36}},"4":{"start":{"line":13,"column":1},"end":{"line":13,"column":10}},"5":{"start":{"line":16,"column":29},"end":{"line":23,"column":1}},"6":{"start":{"line":17,"column":19},"end":{"line":17,"column":34}},"7":{"start":{"line":18,"column":17},"end":{"line":21,"column":12}},"8":{"start":{"line":22,"column":1},"end":{"line":22,"column":17}},"9":{"start":{"line":25,"column":27},"end":{"line":30,"column":1}},"10":{"start":{"line":26,"column":19},"end":{"line":26,"column":34}},"11":{"start":{"line":27,"column":11},"end":{"line":27,"column":35}},"12":{"start":{"line":28,"column":16},"end":{"line":28,"column":79}},"13":{"start":{"line":29,"column":1},"end":{"line":29,"column":16}},"14":{"start":{"line":32,"column":30},"end":{"line":38,"column":1}},"15":{"start":{"line":33,"column":19},"end":{"line":33,"column":34}},"16":{"start":{"line":34,"column":19},"end":{"line":36,"column":24}},"17":{"start":{"line":37,"column":1},"end":{"line":37,"column":26}},"18":{"start":{"line":40,"column":20},"end":{"line":46,"column":1}},"19":{"start":{"line":41,"column":1},"end":{"line":41,"column":35}},"20":{"start":{"line":42,"column":19},"end":{"line":42,"column":34}},"21":{"start":{"line":43,"column":20},"end":{"line":43,"column":87}},"22":{"start":{"line":44,"column":1},"end":{"line":44,"column":30}},"23":{"start":{"line":45,"column":1},"end":{"line":45,"column":24}}},"fnMap":{"0":{"name":"(anonymous_0)","decl":{"start":{"line":7,"column":16},"end":{"line":7,"column":17}},"loc":{"start":{"line":7,"column":28},"end":{"line":14,"column":1}},"line":7},"1":{"name":"(anonymous_1)","decl":{"start":{"line":16,"column":29},"end":{"line":16,"column":30}},"loc":{"start":{"line":16,"column":41},"end":{"line":23,"column":1}},"line":16},"2":{"name":"(anonymous_2)","decl":{"start":{"line":25,"column":27},"end":{"line":25,"column":28}},"loc":{"start":{"line":25,"column":47},"end":{"line":30,"column":1}},"line":25},"3":{"name":"(anonymous_3)","decl":{"start":{"line":32,"column":30},"end":{"line":32,"column":31}},"loc":{"start":{"line":32,"column":50},"end":{"line":38,"column":1}},"line":32},"4":{"name":"(anonymous_4)","decl":{"start":{"line":40,"column":20},"end":{"line":40,"column":21}},"loc":{"start":{"line":40,"column":32},"end":{"line":46,"column":1}},"line":40}},"branchMap":{},"s":{"0":1,"1":1,"2":0,"3":0,"4":0,"5":1,"6":0,"7":0,"8":0,"9":1,"10":0,"11":0,"12":0,"13":0,"14":1,"15":0,"16":0,"17":0,"18":1,"19":0,"20":0,"21":0,"22":0,"23":0},"f":{"0":0,"1":0,"2":0,"3":0,"4":0},"b":{},"_coverageSchema":"332fd63041d2c1bcb487cc26dd0d5f7d97098a6c","hash":"332734afd83afec1ddb24b2a4c507e122621162b"}
,"C:\\Users\\ptarnaud\\gitlocal\\hivent-resources-api\\src\\data\\init\\resources-init.js": {"path":"C:\\Users\\ptarnaud\\gitlocal\\hivent-resources-api\\src\\data\\init\\resources-init.js","statementMap":{"0":{"start":{"line":1,"column":29},"end":{"line":50,"column":1}}},"fnMap":{},"branchMap":{},"s":{"0":1},"f":{},"b":{},"_coverageSchema":"332fd63041d2c1bcb487cc26dd0d5f7d97098a6c","hash":"4c35b5d451e650db290dc08a364a79194e5c70d4"}
,"C:\\Users\\ptarnaud\\gitlocal\\hivent-resources-api\\src\\exposition\\ActuatorEBS.js": {"path":"C:\\Users\\ptarnaud\\gitlocal\\hivent-resources-api\\src\\exposition\\ActuatorEBS.js","statementMap":{"0":{"start":{"line":1,"column":0},"end":{"line":null,"column":-1}},"1":{"start":{"line":3,"column":25},"end":{"line":3,"column":7}},"2":{"start":{"line":4,"column":22},"end":{"line":4,"column":1}},"3":{"start":{"line":6,"column":1},"end":{"line":null,"column":-1}},"4":{"start":{"line":6,"column":31},"end":{"line":null,"column":-1}},"5":{"start":{"line":7,"column":2},"end":{"line":12,"column":3}},"6":{"start":{"line":8,"column":3},"end":{"line":null,"column":-1}},"7":{"start":{"line":10,"column":3},"end":{"line":null,"column":-1}},"8":{"start":{"line":11,"column":3},"end":{"line":null,"column":-1}},"9":{"start":{"line":15,"column":1},"end":{"line":null,"column":-1}}},"fnMap":{"0":{"name":"getRouter","decl":{"start":{"line":3,"column":13},"end":{"line":3,"column":25}},"loc":{"start":{"line":3,"column":31},"end":{"line":3,"column":7}}},"1":{"name":"(anonymous_8)","decl":{"start":{"line":6,"column":1},"end":{"line":null,"column":-1}},"loc":{"start":{"line":6,"column":1},"end":{"line":null,"column":-1}}},"2":{"name":"_callee","decl":{"start":{"line":6,"column":31},"end":{"line":6,"column":37}},"loc":{"start":{"line":6,"column":31},"end":{"line":6,"column":1}}},"3":{"name":"_callee$","decl":{"start":{"line":6,"column":31},"end":{"line":null,"column":-1}},"loc":{"start":{"line":6,"column":31},"end":{"line":null,"column":-1}}}},"branchMap":{"0":{"loc":{"start":{"line":6,"column":31},"end":{"line":12,"column":3}},"type":"switch","locations":[{"start":{"line":6,"column":31},"end":{"line":12,"column":3}},{"start":{"line":6,"column":31},"end":{"line":null,"column":-1}},{"start":{"line":6,"column":31},"end":{"line":null,"column":-1}}]}},"s":{"0":0,"1":0,"2":0,"3":0,"4":0,"5":0,"6":0,"7":0,"8":0,"9":0},"f":{"0":0,"1":0,"2":0,"3":0},"b":{"0":[0,0,0]}}
,"C:\\Users\\ptarnaud\\gitlocal\\hivent-resources-api\\src\\exposition\\ResourcesEBS.js": {"path":"C:\\Users\\ptarnaud\\gitlocal\\hivent-resources-api\\src\\exposition\\ResourcesEBS.js","statementMap":{"0":{"start":{"line":1,"column":0},"end":{"line":null,"column":-1}},"1":{"start":{"line":2,"column":0},"end":{"line":null,"column":-1}},"2":{"start":{"line":3,"column":0},"end":{"line":null,"column":-1}},"3":{"start":{"line":4,"column":0},"end":{"line":null,"column":-1}},"4":{"start":{"line":5,"column":0},"end":{"line":null,"column":-1}},"5":{"start":{"line":7,"column":0},"end":{"line":null,"column":-1}},"6":{"start":{"line":8,"column":0},"end":{"line":null,"column":-1}},"7":{"start":{"line":9,"column":0},"end":{"line":null,"column":-1}},"8":{"start":{"line":11,"column":15},"end":{"line":11,"column":0}},"9":{"start":{"line":13,"column":25},"end":{"line":13,"column":7}},"10":{"start":{"line":14,"column":23},"end":{"line":14,"column":1}},"11":{"start":{"line":16,"column":1},"end":{"line":null,"column":-1}},"12":{"start":{"line":16,"column":26},"end":{"line":null,"column":-1}},"13":{"start":{"line":18,"column":3},"end":{"line":16,"column":26}},"14":{"start":{"line":22,"column":3},"end":{"line":null,"column":-1}},"15":{"start":{"line":23,"column":3},"end":{"line":null,"column":-1}},"16":{"start":{"line":27,"column":1},"end":{"line":null,"column":-1}},"17":{"start":{"line":27,"column":37},"end":{"line":null,"column":-1}},"18":{"start":{"line":31,"column":3},"end":{"line":null,"column":-1}},"19":{"start":{"line":32,"column":3},"end":{"line":null,"column":-1}},"20":{"start":{"line":36,"column":1},"end":{"line":null,"column":-1}},"21":{"start":{"line":36,"column":27},"end":{"line":null,"column":-1}},"22":{"start":{"line":37,"column":2},"end":{"line":null,"column":-1}},"23":{"start":{"line":39,"column":3},"end":{"line":null,"column":-1}},"24":{"start":{"line":44,"column":8},"end":{"line":36,"column":27}},"25":{"start":{"line":45,"column":4},"end":{"line":null,"column":-1}},"26":{"start":{"line":50,"column":3},"end":{"line":null,"column":-1}},"27":{"start":{"line":52,"column":3},"end":{"line":56,"column":4}},"28":{"start":{"line":53,"column":4},"end":{"line":null,"column":-1}},"29":{"start":{"line":55,"column":3},"end":{"line":null,"column":-1}},"30":{"start":{"line":60,"column":1},"end":{"line":null,"column":-1}},"31":{"start":{"line":60,"column":31},"end":{"line":null,"column":-1}},"32":{"start":{"line":62,"column":3},"end":{"line":null,"column":-1}},"33":{"start":{"line":63,"column":7},"end":{"line":60,"column":31}},"34":{"start":{"line":64,"column":3},"end":{"line":null,"column":-1}},"35":{"start":{"line":66,"column":3},"end":{"line":null,"column":-1}},"36":{"start":{"line":67,"column":3},"end":{"line":null,"column":-1}},"37":{"start":{"line":71,"column":1},"end":{"line":null,"column":-1}}},"fnMap":{"0":{"name":"getRouter","decl":{"start":{"line":13,"column":13},"end":{"line":13,"column":25}},"loc":{"start":{"line":13,"column":31},"end":{"line":13,"column":7}}},"1":{"name":"(anonymous_9)","decl":{"start":{"line":16,"column":1},"end":{"line":null,"column":-1}},"loc":{"start":{"line":16,"column":1},"end":{"line":null,"column":-1}}},"2":{"name":"_callee","decl":{"start":{"line":16,"column":26},"end":{"line":16,"column":32}},"loc":{"start":{"line":16,"column":26},"end":{"line":16,"column":1}}},"3":{"name":"_callee$","decl":{"start":{"line":16,"column":26},"end":{"line":null,"column":-1}},"loc":{"start":{"line":16,"column":26},"end":{"line":null,"column":-1}}},"4":{"name":"(anonymous_13)","decl":{"start":{"line":27,"column":1},"end":{"line":null,"column":-1}},"loc":{"start":{"line":27,"column":1},"end":{"line":null,"column":-1}}},"5":{"name":"_callee2","decl":{"start":{"line":27,"column":37},"end":{"line":27,"column":43}},"loc":{"start":{"line":27,"column":37},"end":{"line":27,"column":1}}},"6":{"name":"_callee2$","decl":{"start":{"line":27,"column":37},"end":{"line":null,"column":-1}},"loc":{"start":{"line":27,"column":37},"end":{"line":null,"column":-1}}},"7":{"name":"(anonymous_17)","decl":{"start":{"line":36,"column":1},"end":{"line":null,"column":-1}},"loc":{"start":{"line":36,"column":1},"end":{"line":null,"column":-1}}},"8":{"name":"_callee3","decl":{"start":{"line":36,"column":27},"end":{"line":36,"column":33}},"loc":{"start":{"line":36,"column":27},"end":{"line":36,"column":1}}},"9":{"name":"_callee3$","decl":{"start":{"line":36,"column":27},"end":{"line":null,"column":-1}},"loc":{"start":{"line":36,"column":27},"end":{"line":null,"column":-1}}},"10":{"name":"(anonymous_21)","decl":{"start":{"line":60,"column":1},"end":{"line":null,"column":-1}},"loc":{"start":{"line":60,"column":1},"end":{"line":null,"column":-1}}},"11":{"name":"_callee4","decl":{"start":{"line":60,"column":31},"end":{"line":60,"column":37}},"loc":{"start":{"line":60,"column":31},"end":{"line":60,"column":1}}},"12":{"name":"_callee4$","decl":{"start":{"line":60,"column":31},"end":{"line":null,"column":-1}},"loc":{"start":{"line":60,"column":31},"end":{"line":null,"column":-1}}}},"branchMap":{"0":{"loc":{"start":{"line":16,"column":26},"end":{"line":null,"column":-1}},"type":"switch","locations":[{"start":{"line":16,"column":26},"end":{"line":null,"column":-1}},{"start":{"line":16,"column":26},"end":{"line":null,"column":-1}},{"start":{"line":16,"column":26},"end":{"line":23,"column":3}},{"start":{"line":16,"column":26},"end":{"line":null,"column":-1}},{"start":{"line":16,"column":26},"end":{"line":null,"column":-1}}]},"1":{"loc":{"start":{"line":27,"column":37},"end":{"line":null,"column":-1}},"type":"switch","locations":[{"start":{"line":27,"column":37},"end":{"line":null,"column":-1}},{"start":{"line":27,"column":37},"end":{"line":null,"column":-1}},{"start":{"line":27,"column":37},"end":{"line":32,"column":3}},{"start":{"line":27,"column":37},"end":{"line":null,"column":-1}},{"start":{"line":27,"column":37},"end":{"line":null,"column":-1}}]},"2":{"loc":{"start":{"line":36,"column":27},"end":{"line":null,"column":-1}},"type":"switch","locations":[{"start":{"line":36,"column":27},"end":{"line":null,"column":-1}},{"start":{"line":36,"column":27},"end":{"line":null,"column":-1}},{"start":{"line":36,"column":27},"end":{"line":null,"column":-1}},{"start":{"line":36,"column":27},"end":{"line":null,"column":-1}},{"start":{"line":36,"column":27},"end":{"line":56,"column":4}},{"start":{"line":36,"column":27},"end":{"line":null,"column":-1}},{"start":{"line":36,"column":27},"end":{"line":null,"column":-1}}]},"3":{"loc":{"start":{"line":36,"column":27},"end":{"line":null,"column":-1}},"type":"if","locations":[{"start":{"line":36,"column":27},"end":{"line":null,"column":-1}},{"start":{"line":36,"column":27},"end":{"line":null,"column":-1}}]},"4":{"loc":{"start":{"line":52,"column":3},"end":{"line":56,"column":4}},"type":"if","locations":[{"start":{"line":52,"column":3},"end":{"line":56,"column":4}},{"start":{"line":52,"column":3},"end":{"line":56,"column":4}}]},"5":{"loc":{"start":{"line":60,"column":31},"end":{"line":null,"column":-1}},"type":"switch","locations":[{"start":{"line":60,"column":31},"end":{"line":null,"column":-1}},{"start":{"line":60,"column":31},"end":{"line":null,"column":-1}},{"start":{"line":60,"column":31},"end":{"line":67,"column":3}},{"start":{"line":60,"column":31},"end":{"line":null,"column":-1}},{"start":{"line":60,"column":31},"end":{"line":null,"column":-1}}]}},"s":{"0":0,"1":0,"2":0,"3":0,"4":0,"5":0,"6":0,"7":0,"8":0,"9":0,"10":0,"11":0,"12":0,"13":0,"14":0,"15":0,"16":0,"17":0,"18":0,"19":0,"20":0,"21":0,"22":0,"23":0,"24":0,"25":0,"26":0,"27":0,"28":0,"29":0,"30":0,"31":0,"32":0,"33":0,"34":0,"35":0,"36":0,"37":0},"f":{"0":0,"1":0,"2":0,"3":0,"4":0,"5":0,"6":0,"7":0,"8":0,"9":0,"10":0,"11":0,"12":0},"b":{"0":[0,0,0,0,0],"1":[0,0,0,0,0],"2":[0,0,0,0,0,0,0],"3":[0,0],"4":[0,0],"5":[0,0,0,0,0]}}
,"C:\\Users\\ptarnaud\\gitlocal\\hivent-resources-api\\src\\exposition\\mappers\\Mappers.js": {"path":"C:\\Users\\ptarnaud\\gitlocal\\hivent-resources-api\\src\\exposition\\mappers\\Mappers.js","statementMap":{"0":{"start":{"line":1,"column":0},"end":{"line":null,"column":-1}},"1":{"start":{"line":3,"column":0},"end":{"line":null,"column":-1}},"2":{"start":{"line":4,"column":16},"end":{"line":4,"column":1}},"3":{"start":{"line":5,"column":1},"end":{"line":null,"column":-1}},"4":{"start":{"line":6,"column":1},"end":{"line":null,"column":-1}},"5":{"start":{"line":8,"column":1},"end":{"line":null,"column":-1}}},"fnMap":{"0":{"name":"(anonymous_0)","decl":{"start":{"line":3,"column":31},"end":{"line":3,"column":30}},"loc":{"start":{"line":3,"column":39},"end":{"line":3,"column":0}}}},"branchMap":{},"s":{"0":0,"1":0,"2":0,"3":0,"4":0,"5":0},"f":{"0":0},"b":{}}
,"C:\\Users\\ptarnaud\\gitlocal\\hivent-resources-api\\src\\objects\\business\\be\\ResourceBE.js": {"path":"C:\\Users\\ptarnaud\\gitlocal\\hivent-resources-api\\src\\objects\\business\\be\\ResourceBE.js","statementMap":{"0":{"start":{"line":3,"column":2},"end":{"line":3,"column":18}},"1":{"start":{"line":4,"column":2},"end":{"line":4,"column":18}},"2":{"start":{"line":5,"column":2},"end":{"line":5,"column":18}}},"fnMap":{"0":{"name":"(anonymous_0)","decl":{"start":{"line":2,"column":1},"end":{"line":2,"column":2}},"loc":{"start":{"line":2,"column":31},"end":{"line":6,"column":2}},"line":2}},"branchMap":{},"s":{"0":8,"1":8,"2":8},"f":{"0":8},"b":{},"_coverageSchema":"332fd63041d2c1bcb487cc26dd0d5f7d97098a6c","hash":"c939aba8be692e8fffacfae37bdae005d9fdd536"}
,"C:\\Users\\ptarnaud\\gitlocal\\hivent-resources-api\\src\\objects\\business\\be\\ResourceTypeEnum.js": {"path":"C:\\Users\\ptarnaud\\gitlocal\\hivent-resources-api\\src\\objects\\business\\be\\ResourceTypeEnum.js","statementMap":{"0":{"start":{"line":1,"column":33},"end":{"line":4,"column":1}}},"fnMap":{},"branchMap":{},"s":{"0":1},"f":{},"b":{},"_coverageSchema":"332fd63041d2c1bcb487cc26dd0d5f7d97098a6c","hash":"2397986d8eae6952942dceb556cd84be2618b770"}
,"C:\\Users\\ptarnaud\\gitlocal\\hivent-resources-api\\src\\objects\\business\\be\\RoomResourceBE.js": {"path":"C:\\Users\\ptarnaud\\gitlocal\\hivent-resources-api\\src\\objects\\business\\be\\RoomResourceBE.js","statementMap":{"0":{"start":{"line":6,"column":2},"end":{"line":6,"column":42}},"1":{"start":{"line":7,"column":2},"end":{"line":7,"column":42}},"2":{"start":{"line":8,"column":2},"end":{"line":8,"column":33}},"3":{"start":{"line":9,"column":2},"end":{"line":9,"column":33}}},"fnMap":{"0":{"name":"(anonymous_0)","decl":{"start":{"line":5,"column":1},"end":{"line":5,"column":2}},"loc":{"start":{"line":5,"column":43},"end":{"line":10,"column":2}},"line":5}},"branchMap":{},"s":{"0":8,"1":8,"2":8,"3":8},"f":{"0":8},"b":{},"_coverageSchema":"332fd63041d2c1bcb487cc26dd0d5f7d97098a6c","hash":"170ea54d7adad4b9a7548b4e66df048aab3ae408"}
}
