TN:
SF:C:\Users\ptarnaud\gitlocal\hivent-resources-api\src\business\ResourcesLBS.js
FN:8,(anonymous_0)
FN:83,(anonymous_1)
FN:87,(anonymous_2)
FN:91,(anonymous_3)
FN:100,(anonymous_4)
FNF:5
FNH:1
FNDA:15,(anonymous_0)
FNDA:0,(anonymous_1)
FNDA:0,(anonymous_2)
FNDA:0,(anonymous_3)
FNDA:0,(anonymous_4)
DA:5,1
DA:6,1
DA:8,1
DA:9,15
DA:11,15
DA:12,6
DA:14,9
DA:15,2
DA:21,15
DA:22,2
DA:24,13
DA:25,4
DA:29,15
DA:30,0
DA:32,15
DA:33,15
DA:34,0
DA:38,15
DA:39,0
DA:43,15
DA:44,0
DA:48,15
DA:49,0
DA:60,15
DA:61,0
DA:70,15
DA:71,0
DA:80,15
DA:83,1
DA:84,0
DA:87,1
DA:88,0
DA:91,1
DA:92,0
DA:93,0
DA:94,0
DA:95,0
DA:97,0
DA:100,1
DA:101,0
DA:102,0
LF:41
LH:25
BRDA:11,0,0,6
BRDA:11,0,1,9
BRDA:14,1,0,2
BRDA:14,1,1,7
BRDA:21,2,0,2
BRDA:21,2,1,13
BRDA:24,3,0,4
BRDA:24,3,1,9
BRDA:29,4,0,0
BRDA:29,4,1,15
BRDA:33,5,0,0
BRDA:33,5,1,15
BRDA:38,6,0,0
BRDA:38,6,1,15
BRDA:43,7,0,0
BRDA:43,7,1,15
BRDA:48,8,0,0
BRDA:48,8,1,15
BRDA:60,9,0,0
BRDA:60,9,1,15
BRDA:70,10,0,0
BRDA:70,10,1,15
BRDA:94,11,0,0
BRDA:94,11,1,0
BRF:24
BRH:15
end_of_record
TN:
SF:C:\Users\ptarnaud\gitlocal\hivent-resources-api\src\data\ResourcesDAO.js
FN:7,(anonymous_0)
FN:16,(anonymous_1)
FN:25,(anonymous_2)
FN:32,(anonymous_3)
FN:40,(anonymous_4)
FNF:5
FNH:0
FNDA:0,(anonymous_0)
FNDA:0,(anonymous_1)
FNDA:0,(anonymous_2)
FNDA:0,(anonymous_3)
FNDA:0,(anonymous_4)
DA:4,1
DA:7,1
DA:8,0
DA:12,0
DA:13,0
DA:16,1
DA:17,0
DA:18,0
DA:22,0
DA:25,1
DA:26,0
DA:27,0
DA:28,0
DA:29,0
DA:32,1
DA:33,0
DA:34,0
DA:37,0
DA:40,1
DA:41,0
DA:42,0
DA:43,0
DA:44,0
DA:45,0
LF:24
LH:6
BRF:0
BRH:0
end_of_record
TN:
SF:C:\Users\ptarnaud\gitlocal\hivent-resources-api\src\data\init\resources-init.js
FNF:0
FNH:0
DA:1,1
LF:1
LH:1
BRF:0
BRH:0
end_of_record
TN:
SF:C:\Users\ptarnaud\gitlocal\hivent-resources-api\src\exposition\ActuatorEBS.js
FN:3,getRouter
FN:6,(anonymous_8)
FN:6,_callee
FN:6,_callee$
FNF:4
FNH:0
FNDA:0,getRouter
FNDA:0,(anonymous_8)
FNDA:0,_callee
FNDA:0,_callee$
DA:1,0
DA:3,0
DA:4,0
DA:6,0
DA:7,0
DA:8,0
DA:10,0
DA:11,0
DA:15,0
LF:9
LH:0
BRDA:6,0,0,0
BRDA:6,0,1,0
BRDA:6,0,2,0
BRF:3
BRH:0
end_of_record
TN:
SF:C:\Users\ptarnaud\gitlocal\hivent-resources-api\src\exposition\ResourcesEBS.js
FN:13,getRouter
FN:16,(anonymous_9)
FN:16,_callee
FN:16,_callee$
FN:27,(anonymous_13)
FN:27,_callee2
FN:27,_callee2$
FN:36,(anonymous_17)
FN:36,_callee3
FN:36,_callee3$
FN:60,(anonymous_21)
FN:60,_callee4
FN:60,_callee4$
FNF:13
FNH:0
FNDA:0,getRouter
FNDA:0,(anonymous_9)
FNDA:0,_callee
FNDA:0,_callee$
FNDA:0,(anonymous_13)
FNDA:0,_callee2
FNDA:0,_callee2$
FNDA:0,(anonymous_17)
FNDA:0,_callee3
FNDA:0,_callee3$
FNDA:0,(anonymous_21)
FNDA:0,_callee4
FNDA:0,_callee4$
DA:1,0
DA:2,0
DA:3,0
DA:4,0
DA:5,0
DA:7,0
DA:8,0
DA:9,0
DA:11,0
DA:13,0
DA:14,0
DA:16,0
DA:18,0
DA:22,0
DA:23,0
DA:27,0
DA:31,0
DA:32,0
DA:36,0
DA:37,0
DA:39,0
DA:44,0
DA:45,0
DA:50,0
DA:52,0
DA:53,0
DA:55,0
DA:60,0
DA:62,0
DA:63,0
DA:64,0
DA:66,0
DA:67,0
DA:71,0
LF:34
LH:0
BRDA:16,0,0,0
BRDA:16,0,1,0
BRDA:16,0,2,0
BRDA:16,0,3,0
BRDA:16,0,4,0
BRDA:27,1,0,0
BRDA:27,1,1,0
BRDA:27,1,2,0
BRDA:27,1,3,0
BRDA:27,1,4,0
BRDA:36,2,0,0
BRDA:36,2,1,0
BRDA:36,2,2,0
BRDA:36,2,3,0
BRDA:36,2,4,0
BRDA:36,2,5,0
BRDA:36,2,6,0
BRDA:36,3,0,0
BRDA:36,3,1,0
BRDA:52,4,0,0
BRDA:52,4,1,0
BRDA:60,5,0,0
BRDA:60,5,1,0
BRDA:60,5,2,0
BRDA:60,5,3,0
BRDA:60,5,4,0
BRF:26
BRH:0
end_of_record
TN:
SF:C:\Users\ptarnaud\gitlocal\hivent-resources-api\src\exposition\mappers\Mappers.js
FN:3,(anonymous_0)
FNF:1
FNH:0
FNDA:0,(anonymous_0)
DA:1,0
DA:3,0
DA:4,0
DA:5,0
DA:6,0
DA:8,0
LF:6
LH:0
BRF:0
BRH:0
end_of_record
TN:
SF:C:\Users\ptarnaud\gitlocal\hivent-resources-api\src\objects\business\be\ResourceBE.js
FN:2,(anonymous_0)
FNF:1
FNH:1
FNDA:8,(anonymous_0)
DA:3,8
DA:4,8
DA:5,8
LF:3
LH:3
BRF:0
BRH:0
end_of_record
TN:
SF:C:\Users\ptarnaud\gitlocal\hivent-resources-api\src\objects\business\be\ResourceTypeEnum.js
FNF:0
FNH:0
DA:1,1
LF:1
LH:1
BRF:0
BRH:0
end_of_record
TN:
SF:C:\Users\ptarnaud\gitlocal\hivent-resources-api\src\objects\business\be\RoomResourceBE.js
FN:5,(anonymous_0)
FNF:1
FNH:1
FNDA:8,(anonymous_0)
DA:6,8
DA:7,8
DA:8,8
DA:9,8
LF:4
LH:4
BRF:0
BRH:0
end_of_record
